DEBUG: [main] 2017-01-09 17:14:35,571 org.jboss.logging Logging Provider: org.jboss.logging.Log4jLoggerProvider
INFO : [main] 2017-01-09 17:14:35,573 org.hibernate.validator.internal.util.Version HV000001: Hibernate Validator 5.0.1.Final
DEBUG: [main] 2017-01-09 17:14:35,593 org.hibernate.validator.internal.engine.resolver.DefaultTraversableResolver Cannot find javax.persistence.Persistence on classpath. Assuming non JPA 2 environment. All properties will per default be traversable.
DEBUG: [main] 2017-01-09 17:14:35,595 org.hibernate.validator.internal.engine.ConfigurationImpl Setting custom MessageInterpolator of type org.springframework.validation.beanvalidation.LocaleContextMessageInterpolator
DEBUG: [main] 2017-01-09 17:14:35,595 org.hibernate.validator.internal.engine.ConfigurationImpl Setting custom ConstraintValidatorFactory of type org.springframework.validation.beanvalidation.SpringConstraintValidatorFactory
DEBUG: [main] 2017-01-09 17:14:35,597 org.hibernate.validator.internal.engine.ConfigurationImpl Setting custom ParameterNameProvider of type com.sun.proxy.$Proxy38
DEBUG: [main] 2017-01-09 17:14:35,601 org.hibernate.validator.internal.xml.ValidationXmlParser Trying to load META-INF/validation.xml for XML based Validator configuration.
DEBUG: [main] 2017-01-09 17:14:35,605 org.hibernate.validator.internal.xml.ValidationXmlParser No META-INF/validation.xml found. Using annotation based configuration only.
ERROR: [main] 2017-01-09 17:14:35,781 com.noblemktkyc.service.UserServiceImpl Inside UserServiceImpl :: getUserBoxFolder method
INFO : [main] 2017-01-09 17:14:35,781 com.noblemktkyc.service.box.api.BoxApiServiceImpl Inside BoxApiServiceImpl::getBoxFolder Method
INFO : [main] 2017-01-09 17:14:35,781 com.noblemktkyc.service.box.api.BoxApiServiceImpl Inside BoxApiServiceImpl::setBoxAPIConnection Method
INFO : [main] 2017-01-09 17:14:35,782 com.noblemktkyc.service.box.api.BoxApiServiceImpl BoxApiServiceImpl::setBoxAPIConnection Method::before creating connection::
INFO : [main] 2017-01-09 17:14:39,127 com.noblemktkyc.service.box.api.BoxApiServiceImpl BoxApiServiceImpl::setBoxAPIConnection Method::after creating connection::
INFO : [main] 2017-01-09 17:14:39,597 com.noblemktkyc.service.box.api.BoxApiServiceImpl Inside BoxApiServiceImpl::getBoxFolder Method :: File/folder name is cdkapadnis@gmail.com_inProgress
INFO : [main] 2017-01-09 17:14:39,597 com.noblemktkyc.service.box.api.BoxApiServiceImpl Inside BoxApiServiceImpl::getBoxFolder Method :: File/folder name is customer_sample@gmail.com_fileCopyComplete
INFO : [main] 2017-01-09 17:14:39,597 com.noblemktkyc.service.box.api.BoxApiServiceImpl Inside BoxApiServiceImpl::getBoxFolder Method :: File/folder name is customer_sample_jyoti@gmail.com_inProgress
INFO : [main] 2017-01-09 17:14:39,597 com.noblemktkyc.service.box.api.BoxApiServiceImpl Inside BoxApiServiceImpl::getBoxFolder Method :: File/folder name is sample_newuser@gmail.com_fileCopyComplete
INFO : [main] 2017-01-09 17:14:39,598 com.noblemktkyc.service.box.api.BoxApiServiceImpl Inside BoxApiServiceImpl::getBoxFolder Method :: File/folder name is sample_user@gmail.com_fileCopyComplete
INFO : [main] 2017-01-09 17:14:39,598 com.noblemktkyc.service.box.api.BoxApiServiceImpl Inside BoxApiServiceImpl::createFolder Method
ERROR: [main] 2017-01-09 17:14:40,410 com.noblemktkyc.service.UserServiceImpl Inside UserServiceImpl :: getUserBoxFolder method
INFO : [main] 2017-01-09 17:14:40,410 com.noblemktkyc.service.box.api.BoxApiServiceImpl Inside BoxApiServiceImpl::getBoxFolder Method
INFO : [main] 2017-01-09 17:14:40,410 com.noblemktkyc.service.box.api.BoxApiServiceImpl Inside BoxApiServiceImpl::setBoxAPIConnection Method
INFO : [main] 2017-01-09 17:14:40,411 com.noblemktkyc.service.box.api.BoxApiServiceImpl BoxApiServiceImpl::setBoxAPIConnection Method::before creating connection::
INFO : [main] 2017-01-09 17:14:41,741 com.noblemktkyc.service.box.api.BoxApiServiceImpl BoxApiServiceImpl::setBoxAPIConnection Method::after creating connection::
INFO : [main] 2017-01-09 17:14:42,161 com.noblemktkyc.service.box.api.BoxApiServiceImpl Inside BoxApiServiceImpl::getBoxFolder Method :: File/folder name is cdkapadnis@gmail.com_inProgress
INFO : [main] 2017-01-09 17:14:42,161 com.noblemktkyc.service.box.api.BoxApiServiceImpl Inside BoxApiServiceImpl::getBoxFolder Method :: File/folder name is customer_sample@gmail.com_fileCopyComplete
INFO : [main] 2017-01-09 17:14:42,162 com.noblemktkyc.service.box.api.BoxApiServiceImpl Inside BoxApiServiceImpl::getBoxFolder Method :: File/folder name is customer_sample_jyoti@gmail.com_inProgress
INFO : [main] 2017-01-09 17:14:42,162 com.noblemktkyc.service.box.api.BoxApiServiceImpl Inside BoxApiServiceImpl::getBoxFolder Method :: File/folder name is pallavi_inProgress
INFO : [main] 2017-01-09 17:14:42,162 com.noblemktkyc.service.box.api.BoxApiServiceImpl Inside BoxApiServiceImpl::getBoxFolder Method :: User Folder found pallavi_inProgress
DEBUG: [main] 2017-01-09 17:14:42,301 org.hibernate.validator.internal.metadata.descriptor.ConstraintDescriptorImpl Adding composing constraint: ConstraintDescriptorImpl{annotation=javax.validation.constraints.Pattern, payloads=[], hasComposingConstraints=true, isReportAsSingleInvalidConstraint=false, elementType=FIELD, definedOn=DEFINED_LOCALLY, groups=[interface javax.validation.groups.Default], attributes={flags=[Ljavax.validation.constraints.Pattern$Flag;@64030b91, groups=[Ljava.lang.Class;@2032e725, regexp=.*, message={javax.validation.constraints.Pattern.message}, payload=[Ljava.lang.Class;@4d23015c}, constraintType=GENERIC}.
DEBUG: [main] 2017-01-09 17:14:42,305 org.hibernate.validator.internal.metadata.descriptor.ConstraintDescriptorImpl Adding composing constraint: ConstraintDescriptorImpl{annotation=javax.validation.constraints.Pattern, payloads=[], hasComposingConstraints=true, isReportAsSingleInvalidConstraint=false, elementType=FIELD, definedOn=DEFINED_LOCALLY, groups=[interface javax.validation.groups.Default], attributes={flags=[Ljavax.validation.constraints.Pattern$Flag;@64030b91, groups=[Ljava.lang.Class;@773dab28, regexp=.*, message={javax.validation.constraints.Pattern.message}, payload=[Ljava.lang.Class;@1ecfcbc9}, constraintType=GENERIC}.
DEBUG: [main] 2017-01-09 17:14:42,306 org.hibernate.validator.internal.metadata.descriptor.ConstraintDescriptorImpl Adding composing constraint: ConstraintDescriptorImpl{annotation=javax.validation.constraints.NotNull, payloads=[], hasComposingConstraints=true, isReportAsSingleInvalidConstraint=false, elementType=FIELD, definedOn=DEFINED_LOCALLY, groups=[interface javax.validation.groups.Default], attributes={message={javax.validation.constraints.NotNull.message}, groups=[Ljava.lang.Class;@2fc07784, payload=[Ljava.lang.Class;@353efdbf}, constraintType=GENERIC}.
DEBUG: [main] 2017-01-09 17:14:42,306 org.hibernate.validator.internal.metadata.descriptor.ConstraintDescriptorImpl Adding composing constraint: ConstraintDescriptorImpl{annotation=javax.validation.constraints.Size, payloads=[], hasComposingConstraints=true, isReportAsSingleInvalidConstraint=false, elementType=FIELD, definedOn=DEFINED_LOCALLY, groups=[interface javax.validation.groups.Default], attributes={groups=[Ljava.lang.Class;@660591fb, min=1, message={javax.validation.constraints.Size.message}, max=2147483647, payload=[Ljava.lang.Class;@4a55a6e8}, constraintType=GENERIC}.
DEBUG: [main] 2017-01-09 17:14:42,307 org.hibernate.validator.internal.metadata.descriptor.ConstraintDescriptorImpl Adding composing constraint: ConstraintDescriptorImpl{annotation=javax.validation.constraints.NotNull, payloads=[], hasComposingConstraints=true, isReportAsSingleInvalidConstraint=false, elementType=FIELD, definedOn=DEFINED_LOCALLY, groups=[interface javax.validation.groups.Default], attributes={message={javax.validation.constraints.NotNull.message}, groups=[Ljava.lang.Class;@226b143b, payload=[Ljava.lang.Class;@682bd3c4}, constraintType=GENERIC}.
DEBUG: [main] 2017-01-09 17:14:42,307 org.hibernate.validator.internal.metadata.descriptor.ConstraintDescriptorImpl Adding composing constraint: ConstraintDescriptorImpl{annotation=javax.validation.constraints.Size, payloads=[], hasComposingConstraints=true, isReportAsSingleInvalidConstraint=false, elementType=FIELD, definedOn=DEFINED_LOCALLY, groups=[interface javax.validation.groups.Default], attributes={groups=[Ljava.lang.Class;@24097e9b, min=1, message={javax.validation.constraints.Size.message}, max=2147483647, payload=[Ljava.lang.Class;@5eb97ced}, constraintType=GENERIC}.
DEBUG: [main] 2017-01-09 17:14:42,358 org.hibernate.validator.resourceloading.PlatformResourceBundleLocator ValidationMessages not found.
DEBUG: [main] 2017-01-09 17:14:42,360 org.hibernate.validator.resourceloading.PlatformResourceBundleLocator org.hibernate.validator.ValidationMessages found.
INFO : [main] 2017-01-09 17:14:42,376 com.noblemktkyc.controller.KycSaveController inside KycSaveController :: saveKycInfo Method
ERROR: [main] 2017-01-09 17:14:42,377 com.noblemktkyc.controller.KycSaveController 
ERROR: [main] 2017-01-09 17:14:42,378 com.noblemktkyc.controller.KycSaveController [Ljava.lang.StackTraceElement;@796065aa
ERROR: [main] 2017-01-09 17:14:42,383 com.noblemktkyc.controller.KycSaveController Exception in KycSaveController :: saveKycInfo method:: Exception is ::
java.lang.NullPointerException
	at com.noblemktkyc.model.CustomValidator.validate(CustomValidator.java:36)
	at com.noblemktkyc.controller.KycSaveController.saveKycInfo(KycSaveController.java:78)
	at sun.reflect.NativeMethodAccessorImpl.invoke0(Native Method)
	at sun.reflect.NativeMethodAccessorImpl.invoke(NativeMethodAccessorImpl.java:62)
	at sun.reflect.DelegatingMethodAccessorImpl.invoke(DelegatingMethodAccessorImpl.java:43)
	at java.lang.reflect.Method.invoke(Method.java:497)
	at org.springframework.web.method.support.InvocableHandlerMethod.doInvoke(InvocableHandlerMethod.java:221)
	at org.springframework.web.method.support.InvocableHandlerMethod.invokeForRequest(InvocableHandlerMethod.java:137)
	at org.springframework.web.servlet.mvc.method.annotation.ServletInvocableHandlerMethod.invokeAndHandle(ServletInvocableHandlerMethod.java:111)
	at org.springframework.web.servlet.mvc.method.annotation.RequestMappingHandlerAdapter.invokeHandlerMethod(RequestMappingHandlerAdapter.java:806)
	at org.springframework.web.servlet.mvc.method.annotation.RequestMappingHandlerAdapter.handleInternal(RequestMappingHandlerAdapter.java:729)
	at org.springframework.web.servlet.mvc.method.AbstractHandlerMethodAdapter.handle(AbstractHandlerMethodAdapter.java:85)
	at org.springframework.web.servlet.DispatcherServlet.doDispatch(DispatcherServlet.java:959)
	at org.springframework.web.servlet.DispatcherServlet.doService(DispatcherServlet.java:893)
	at org.springframework.web.servlet.FrameworkServlet.processRequest(FrameworkServlet.java:970)
	at org.springframework.web.servlet.FrameworkServlet.doPost(FrameworkServlet.java:872)
	at javax.servlet.http.HttpServlet.service(HttpServlet.java:707)
	at org.springframework.web.servlet.FrameworkServlet.service(FrameworkServlet.java:846)
	at org.springframework.test.web.servlet.TestDispatcherServlet.service(TestDispatcherServlet.java:65)
	at javax.servlet.http.HttpServlet.service(HttpServlet.java:790)
	at org.springframework.mock.web.MockFilterChain$ServletFilterProxy.doFilter(MockFilterChain.java:167)
	at org.springframework.mock.web.MockFilterChain.doFilter(MockFilterChain.java:134)
	at org.springframework.test.web.servlet.MockMvc.perform(MockMvc.java:144)
	at com.noblemktkyc.test.controller.ITKycSaveControllerTest.saveKycInfoTest(ITKycSaveControllerTest.java:62)
	at sun.reflect.NativeMethodAccessorImpl.invoke0(Native Method)
	at sun.reflect.NativeMethodAccessorImpl.invoke(NativeMethodAccessorImpl.java:62)
	at sun.reflect.DelegatingMethodAccessorImpl.invoke(DelegatingMethodAccessorImpl.java:43)
	at java.lang.reflect.Method.invoke(Method.java:497)
	at org.junit.runners.model.FrameworkMethod$1.runReflectiveCall(FrameworkMethod.java:50)
	at org.junit.internal.runners.model.ReflectiveCallable.run(ReflectiveCallable.java:12)
	at org.junit.runners.model.FrameworkMethod.invokeExplosively(FrameworkMethod.java:47)
	at org.junit.internal.runners.statements.InvokeMethod.evaluate(InvokeMethod.java:17)
	at org.junit.internal.runners.statements.RunBefores.evaluate(RunBefores.java:26)
	at org.springframework.test.context.junit4.statements.RunBeforeTestMethodCallbacks.evaluate(RunBeforeTestMethodCallbacks.java:73)
	at org.springframework.test.context.junit4.statements.RunAfterTestMethodCallbacks.evaluate(RunAfterTestMethodCallbacks.java:82)
	at org.springframework.test.context.junit4.statements.SpringRepeat.evaluate(SpringRepeat.java:73)
	at org.junit.runners.ParentRunner.runLeaf(ParentRunner.java:325)
	at org.springframework.test.context.junit4.SpringJUnit4ClassRunner.runChild(SpringJUnit4ClassRunner.java:217)
	at org.springframework.test.context.junit4.SpringJUnit4ClassRunner.runChild(SpringJUnit4ClassRunner.java:83)
	at org.junit.runners.ParentRunner$3.run(ParentRunner.java:290)
	at org.junit.runners.ParentRunner$1.schedule(ParentRunner.java:71)
	at org.junit.runners.ParentRunner.runChildren(ParentRunner.java:288)
	at org.junit.runners.ParentRunner.access$000(ParentRunner.java:58)
	at org.junit.runners.ParentRunner$2.evaluate(ParentRunner.java:268)
	at org.springframework.test.context.junit4.statements.RunBeforeTestClassCallbacks.evaluate(RunBeforeTestClassCallbacks.java:61)
	at org.springframework.test.context.junit4.statements.RunAfterTestClassCallbacks.evaluate(RunAfterTestClassCallbacks.java:68)
	at org.junit.runners.ParentRunner.run(ParentRunner.java:363)
	at org.springframework.test.context.junit4.SpringJUnit4ClassRunner.run(SpringJUnit4ClassRunner.java:163)
	at org.eclipse.jdt.internal.junit4.runner.JUnit4TestReference.run(JUnit4TestReference.java:86)
	at org.eclipse.jdt.internal.junit.runner.TestExecution.run(TestExecution.java:38)
	at org.eclipse.jdt.internal.junit.runner.RemoteTestRunner.runTests(RemoteTestRunner.java:459)
	at org.eclipse.jdt.internal.junit.runner.RemoteTestRunner.runTests(RemoteTestRunner.java:675)
	at org.eclipse.jdt.internal.junit.runner.RemoteTestRunner.run(RemoteTestRunner.java:382)
	at org.eclipse.jdt.internal.junit.runner.RemoteTestRunner.main(RemoteTestRunner.java:192)
INFO : [main] 2017-01-09 17:14:42,405 com.noblemktkyc.controller.UserController inside UserController :: createUser Method
INFO : [main] 2017-01-09 17:14:42,405 com.noblemktkyc.controller.CommonController Inside CommonController ::  getDocumentPath Method
ERROR: [main] 2017-01-09 17:14:42,405 com.noblemktkyc.service.UserServiceImpl Inside UserServiceImpl :: getUserBoxFolder method
INFO : [main] 2017-01-09 17:14:42,405 com.noblemktkyc.service.box.api.BoxApiServiceImpl Inside BoxApiServiceImpl::getBoxFolder Method
INFO : [main] 2017-01-09 17:14:42,405 com.noblemktkyc.service.box.api.BoxApiServiceImpl Inside BoxApiServiceImpl::setBoxAPIConnection Method
INFO : [main] 2017-01-09 17:14:42,406 com.noblemktkyc.service.box.api.BoxApiServiceImpl BoxApiServiceImpl::setBoxAPIConnection Method::before creating connection::
INFO : [main] 2017-01-09 17:14:43,748 com.noblemktkyc.service.box.api.BoxApiServiceImpl BoxApiServiceImpl::setBoxAPIConnection Method::after creating connection::
INFO : [main] 2017-01-09 17:14:44,209 com.noblemktkyc.service.box.api.BoxApiServiceImpl Inside BoxApiServiceImpl::getBoxFolder Method :: File/folder name is cdkapadnis@gmail.com_inProgress
INFO : [main] 2017-01-09 17:14:44,210 com.noblemktkyc.service.box.api.BoxApiServiceImpl Inside BoxApiServiceImpl::getBoxFolder Method :: File/folder name is customer_sample@gmail.com_fileCopyComplete
INFO : [main] 2017-01-09 17:14:44,210 com.noblemktkyc.service.box.api.BoxApiServiceImpl Inside BoxApiServiceImpl::getBoxFolder Method :: File/folder name is customer_sample_jyoti@gmail.com_inProgress
INFO : [main] 2017-01-09 17:14:44,210 com.noblemktkyc.service.box.api.BoxApiServiceImpl Inside BoxApiServiceImpl::getBoxFolder Method :: File/folder name is pallavi_inProgress
INFO : [main] 2017-01-09 17:14:44,211 com.noblemktkyc.service.box.api.BoxApiServiceImpl Inside BoxApiServiceImpl::getBoxFolder Method :: User Folder found pallavi_inProgress
